<?xml version="1.0" encoding="utf-8"?><testsuites name="pytest tests"><testsuite name="pytest" errors="0" failures="0" skipped="0" tests="18" time="3.806" timestamp="2026-06-15T18:50:08.132117+00:00" hostname="agent-env-227d1b0b-66df-48d3-9a75-21bde4a38cb8"><testcase classname="backend.tests.backend_test.TestHealth" name="test_root" time="0.163" /><testcase classname="backend.tests.backend_test.TestContact" name="test_create_lead_success" time="0.073" /><testcase classname="backend.tests.backend_test.TestContact" name="test_create_lead_missing_email" time="0.052" /><testcase classname="backend.tests.backend_test.TestContact" name="test_create_lead_invalid_email" time="0.057" /><testcase classname="backend.tests.backend_test.TestContact" name="test_create_lead_empty_message" time="0.050" /><testcase classname="backend.tests.backend_test.TestAuth" name="test_login_success_sets_cookie" time="0.323" /><testcase classname="backend.tests.backend_test.TestAuth" name="test_login_wrong_password" time="0.280" /><testcase classname="backend.tests.backend_test.TestAuth" name="test_login_wrong_email" time="0.055" /><testcase classname="backend.tests.backend_test.TestAuth" name="test_me_with_bearer" time="0.328" /><testcase classname="backend.tests.backend_test.TestAuth" name="test_me_with_cookie" time="0.417" /><testcase classname="backend.tests.backend_test.TestAuth" name="test_me_unauthenticated" time="0.100" /><testcase classname="backend.tests.backend_test.TestAuth" name="test_logout_clears_cookie" time="0.385" /><testcase classname="backend.tests.backend_test.TestAdmin" name="test_admin_leads_requires_auth" time="0.099" /><testcase classname="backend.tests.backend_test.TestAdmin" name="test_admin_stats_requires_auth" time="0.116" /><testcase classname="backend.tests.backend_test.TestAdmin" name="test_list_leads_sorted" time="0.052" /><testcase classname="backend.tests.backend_test.TestAdmin" name="test_stats_shape" time="0.051" /><testcase classname="backend.tests.backend_test.TestAdmin" name="test_patch_lead_status" time="0.254" /><testcase classname="backend.tests.backend_test.TestAdmin" name="test_delete_lead" time="0.645" /></testsuite></testsuites>